  Source.cpp
D:\VS2022\Dijsktra\Dijsktra\Source.cpp(9,17): warning C4244: 'initializing': conversion from 'double' to 'int', possible loss of data
C:\Program Files\Microsoft Visual Studio\2022\Community\VC\Tools\MSVC\14.32.31326\include\utility(190,16): warning C4244: 'initializing': conversion from '_Ty' to '_Ty1', possible loss of data
          with
          [
              _Ty=ll
          ]
          and
          [
              _Ty1=int
          ]
D:\VS2022\Dijsktra\Dijsktra\Source.cpp(47): message : see reference to function template instantiation 'std::pair<int,int>::pair<_Ty&,int&,0>(_Other1,_Other2) noexcept' being compiled
          with
          [
              _Ty=ll,
              _Other1=ll &,
              _Other2=int &
          ]
D:\VS2022\Dijsktra\Dijsktra\Source.cpp(47): message : see reference to function template instantiation 'std::pair<int,int>::pair<_Ty&,int&,0>(_Other1,_Other2) noexcept' being compiled
          with
          [
              _Ty=ll,
              _Other1=ll &,
              _Other2=int &
          ]
  Dijsktra.vcxproj -> D:\VS2022\Dijsktra\x64\Debug\Dijsktra.exe
